[2024-06-21 21:17:05] local.ERROR: syntax error, unexpected token "}", expecting "," or ";" {"exception":"[object] (Symfony\\Component\\ErrorHandler\\Error\\FatalError(code: 0): syntax error, unexpected token \"}\", expecting \",\" or \";\" at C:\\Users\\ulisi\\Personal-Projects\\apirest\\app\\Models\\Note.php:13)
[stacktrace]
#0 {main}
"} 
[2024-06-21 21:23:01] local.ERROR: Too few arguments to function Illuminate\Routing\Router::resource(), 1 passed in C:\Users\ulisi\Personal-Projects\apirest\vendor\laravel\framework\src\Illuminate\Support\Facades\Facade.php on line 355 and at least 2 expected {"exception":"[object] (ArgumentCountError(code: 0): Too few arguments to function Illuminate\\Routing\\Router::resource(), 1 passed in C:\\Users\\ulisi\\Personal-Projects\\apirest\\vendor\\laravel\\framework\\src\\Illuminate\\Support\\Facades\\Facade.php on line 355 and at least 2 expected at C:\\Users\\ulisi\\Personal-Projects\\apirest\\vendor\\laravel\\framework\\src\\Illuminate\\Routing\\Router.php:332)
[stacktrace]
#0 C:\\Users\\ulisi\\Personal-Projects\\apirest\\vendor\\laravel\\framework\\src\\Illuminate\\Support\\Facades\\Facade.php(355): Illuminate\\Routing\\Router->resource('/note')
#1 C:\\Users\\ulisi\\Personal-Projects\\apirest\\routes\\api.php(6): Illuminate\\Support\\Facades\\Facade::__callStatic('resource', Array)
#2 C:\\Users\\ulisi\\Personal-Projects\\apirest\\vendor\\laravel\\framework\\src\\Illuminate\\Routing\\RouteFileRegistrar.php(35): require('C:\\\\Users\\\\ulisi\\\\...')
#3 C:\\Users\\ulisi\\Personal-Projects\\apirest\\vendor\\laravel\\framework\\src\\Illuminate\\Routing\\Router.php(511): Illuminate\\Routing\\RouteFileRegistrar->register('C:\\\\Users\\\\ulisi\\\\...')
#4 C:\\Users\\ulisi\\Personal-Projects\\apirest\\vendor\\laravel\\framework\\src\\Illuminate\\Routing\\Router.php(465): Illuminate\\Routing\\Router->loadRoutes('C:\\\\Users\\\\ulisi\\\\...')
#5 C:\\Users\\ulisi\\Personal-Projects\\apirest\\vendor\\laravel\\framework\\src\\Illuminate\\Routing\\RouteRegistrar.php(194): Illuminate\\Routing\\Router->group(Array, 'C:\\\\Users\\\\ulisi\\\\...')
#6 C:\\Users\\ulisi\\Personal-Projects\\apirest\\app\\Providers\\RouteServiceProvider.php(34): Illuminate\\Routing\\RouteRegistrar->group('C:\\\\Users\\\\ulisi\\\\...')
#7 C:\\Users\\ulisi\\Personal-Projects\\apirest\\vendor\\laravel\\framework\\src\\Illuminate\\Container\\BoundMethod.php(36): App\\Providers\\RouteServiceProvider->App\\Providers\\{closure}()
#8 C:\\Users\\ulisi\\Personal-Projects\\apirest\\vendor\\laravel\\framework\\src\\Illuminate\\Container\\Util.php(41): Illuminate\\Container\\BoundMethod::Illuminate\\Container\\{closure}()
#9 C:\\Users\\ulisi\\Personal-Projects\\apirest\\vendor\\laravel\\framework\\src\\Illuminate\\Container\\BoundMethod.php(81): Illuminate\\Container\\Util::unwrapIfClosure(Object(Closure))
#10 C:\\Users\\ulisi\\Personal-Projects\\apirest\\vendor\\laravel\\framework\\src\\Illuminate\\Container\\BoundMethod.php(37): Illuminate\\Container\\BoundMethod::callBoundMethod(Object(Illuminate\\Foundation\\Application), Object(Closure), Object(Closure))
#11 C:\\Users\\ulisi\\Personal-Projects\\apirest\\vendor\\laravel\\framework\\src\\Illuminate\\Container\\Container.php(662): Illuminate\\Container\\BoundMethod::call(Object(Illuminate\\Foundation\\Application), Object(Closure), Array, NULL)
#12 C:\\Users\\ulisi\\Personal-Projects\\apirest\\vendor\\laravel\\framework\\src\\Illuminate\\Foundation\\Support\\Providers\\RouteServiceProvider.php(120): Illuminate\\Container\\Container->call(Object(Closure))
#13 C:\\Users\\ulisi\\Personal-Projects\\apirest\\vendor\\laravel\\framework\\src\\Illuminate\\Foundation\\Support\\Providers\\RouteServiceProvider.php(45): Illuminate\\Foundation\\Support\\Providers\\RouteServiceProvider->loadRoutes()
#14 C:\\Users\\ulisi\\Personal-Projects\\apirest\\vendor\\laravel\\framework\\src\\Illuminate\\Container\\BoundMethod.php(36): Illuminate\\Foundation\\Support\\Providers\\RouteServiceProvider->Illuminate\\Foundation\\Support\\Providers\\{closure}()
#15 C:\\Users\\ulisi\\Personal-Projects\\apirest\\vendor\\laravel\\framework\\src\\Illuminate\\Container\\Util.php(41): Illuminate\\Container\\BoundMethod::Illuminate\\Container\\{closure}()
#16 C:\\Users\\ulisi\\Personal-Projects\\apirest\\vendor\\laravel\\framework\\src\\Illuminate\\Container\\BoundMethod.php(81): Illuminate\\Container\\Util::unwrapIfClosure(Object(Closure))
#17 C:\\Users\\ulisi\\Personal-Projects\\apirest\\vendor\\laravel\\framework\\src\\Illuminate\\Container\\BoundMethod.php(37): Illuminate\\Container\\BoundMethod::callBoundMethod(Object(Illuminate\\Foundation\\Application), Object(Closure), Object(Closure))
#18 C:\\Users\\ulisi\\Personal-Projects\\apirest\\vendor\\laravel\\framework\\src\\Illuminate\\Container\\Container.php(662): Illuminate\\Container\\BoundMethod::call(Object(Illuminate\\Foundation\\Application), Object(Closure), Array, NULL)
#19 C:\\Users\\ulisi\\Personal-Projects\\apirest\\vendor\\laravel\\framework\\src\\Illuminate\\Support\\ServiceProvider.php(119): Illuminate\\Container\\Container->call(Object(Closure))
#20 C:\\Users\\ulisi\\Personal-Projects\\apirest\\vendor\\laravel\\framework\\src\\Illuminate\\Foundation\\Application.php(1037): Illuminate\\Support\\ServiceProvider->callBootedCallbacks()
#21 C:\\Users\\ulisi\\Personal-Projects\\apirest\\vendor\\laravel\\framework\\src\\Illuminate\\Foundation\\Application.php(1015): Illuminate\\Foundation\\Application->bootProvider(Object(App\\Providers\\RouteServiceProvider))
#22 [internal function]: Illuminate\\Foundation\\Application->Illuminate\\Foundation\\{closure}(Object(App\\Providers\\RouteServiceProvider), 24)
#23 C:\\Users\\ulisi\\Personal-Projects\\apirest\\vendor\\laravel\\framework\\src\\Illuminate\\Foundation\\Application.php(1016): array_walk(Array, Object(Closure))
#24 C:\\Users\\ulisi\\Personal-Projects\\apirest\\vendor\\laravel\\framework\\src\\Illuminate\\Foundation\\Bootstrap\\BootProviders.php(17): Illuminate\\Foundation\\Application->boot()
#25 C:\\Users\\ulisi\\Personal-Projects\\apirest\\vendor\\laravel\\framework\\src\\Illuminate\\Foundation\\Application.php(263): Illuminate\\Foundation\\Bootstrap\\BootProviders->bootstrap(Object(Illuminate\\Foundation\\Application))
#26 C:\\Users\\ulisi\\Personal-Projects\\apirest\\vendor\\laravel\\framework\\src\\Illuminate\\Foundation\\Console\\Kernel.php(447): Illuminate\\Foundation\\Application->bootstrapWith(Array)
#27 C:\\Users\\ulisi\\Personal-Projects\\apirest\\vendor\\laravel\\framework\\src\\Illuminate\\Foundation\\Console\\Kernel.php(199): Illuminate\\Foundation\\Console\\Kernel->bootstrap()
#28 Command line code(1): Illuminate\\Foundation\\Console\\Kernel->handle(Object(Symfony\\Component\\Console\\Input\\ArgvInput), Object(Symfony\\Component\\Console\\Output\\ConsoleOutput))
#29 {main}
"} 
[2024-06-21 21:23:05] local.ERROR: Too few arguments to function Illuminate\Routing\Router::resource(), 1 passed in C:\Users\ulisi\Personal-Projects\apirest\vendor\laravel\framework\src\Illuminate\Support\Facades\Facade.php on line 355 and at least 2 expected {"exception":"[object] (ArgumentCountError(code: 0): Too few arguments to function Illuminate\\Routing\\Router::resource(), 1 passed in C:\\Users\\ulisi\\Personal-Projects\\apirest\\vendor\\laravel\\framework\\src\\Illuminate\\Support\\Facades\\Facade.php on line 355 and at least 2 expected at C:\\Users\\ulisi\\Personal-Projects\\apirest\\vendor\\laravel\\framework\\src\\Illuminate\\Routing\\Router.php:332)
[stacktrace]
#0 C:\\Users\\ulisi\\Personal-Projects\\apirest\\vendor\\laravel\\framework\\src\\Illuminate\\Support\\Facades\\Facade.php(355): Illuminate\\Routing\\Router->resource('/note')
#1 C:\\Users\\ulisi\\Personal-Projects\\apirest\\routes\\api.php(6): Illuminate\\Support\\Facades\\Facade::__callStatic('resource', Array)
#2 C:\\Users\\ulisi\\Personal-Projects\\apirest\\vendor\\laravel\\framework\\src\\Illuminate\\Routing\\RouteFileRegistrar.php(35): require('C:\\\\Users\\\\ulisi\\\\...')
#3 C:\\Users\\ulisi\\Personal-Projects\\apirest\\vendor\\laravel\\framework\\src\\Illuminate\\Routing\\Router.php(511): Illuminate\\Routing\\RouteFileRegistrar->register('C:\\\\Users\\\\ulisi\\\\...')
#4 C:\\Users\\ulisi\\Personal-Projects\\apirest\\vendor\\laravel\\framework\\src\\Illuminate\\Routing\\Router.php(465): Illuminate\\Routing\\Router->loadRoutes('C:\\\\Users\\\\ulisi\\\\...')
#5 C:\\Users\\ulisi\\Personal-Projects\\apirest\\vendor\\laravel\\framework\\src\\Illuminate\\Routing\\RouteRegistrar.php(194): Illuminate\\Routing\\Router->group(Array, 'C:\\\\Users\\\\ulisi\\\\...')
#6 C:\\Users\\ulisi\\Personal-Projects\\apirest\\app\\Providers\\RouteServiceProvider.php(34): Illuminate\\Routing\\RouteRegistrar->group('C:\\\\Users\\\\ulisi\\\\...')
#7 C:\\Users\\ulisi\\Personal-Projects\\apirest\\vendor\\laravel\\framework\\src\\Illuminate\\Container\\BoundMethod.php(36): App\\Providers\\RouteServiceProvider->App\\Providers\\{closure}()
#8 C:\\Users\\ulisi\\Personal-Projects\\apirest\\vendor\\laravel\\framework\\src\\Illuminate\\Container\\Util.php(41): Illuminate\\Container\\BoundMethod::Illuminate\\Container\\{closure}()
#9 C:\\Users\\ulisi\\Personal-Projects\\apirest\\vendor\\laravel\\framework\\src\\Illuminate\\Container\\BoundMethod.php(81): Illuminate\\Container\\Util::unwrapIfClosure(Object(Closure))
#10 C:\\Users\\ulisi\\Personal-Projects\\apirest\\vendor\\laravel\\framework\\src\\Illuminate\\Container\\BoundMethod.php(37): Illuminate\\Container\\BoundMethod::callBoundMethod(Object(Illuminate\\Foundation\\Application), Object(Closure), Object(Closure))
#11 C:\\Users\\ulisi\\Personal-Projects\\apirest\\vendor\\laravel\\framework\\src\\Illuminate\\Container\\Container.php(662): Illuminate\\Container\\BoundMethod::call(Object(Illuminate\\Foundation\\Application), Object(Closure), Array, NULL)
#12 C:\\Users\\ulisi\\Personal-Projects\\apirest\\vendor\\laravel\\framework\\src\\Illuminate\\Foundation\\Support\\Providers\\RouteServiceProvider.php(120): Illuminate\\Container\\Container->call(Object(Closure))
#13 C:\\Users\\ulisi\\Personal-Projects\\apirest\\vendor\\laravel\\framework\\src\\Illuminate\\Foundation\\Support\\Providers\\RouteServiceProvider.php(45): Illuminate\\Foundation\\Support\\Providers\\RouteServiceProvider->loadRoutes()
#14 C:\\Users\\ulisi\\Personal-Projects\\apirest\\vendor\\laravel\\framework\\src\\Illuminate\\Container\\BoundMethod.php(36): Illuminate\\Foundation\\Support\\Providers\\RouteServiceProvider->Illuminate\\Foundation\\Support\\Providers\\{closure}()
#15 C:\\Users\\ulisi\\Personal-Projects\\apirest\\vendor\\laravel\\framework\\src\\Illuminate\\Container\\Util.php(41): Illuminate\\Container\\BoundMethod::Illuminate\\Container\\{closure}()
#16 C:\\Users\\ulisi\\Personal-Projects\\apirest\\vendor\\laravel\\framework\\src\\Illuminate\\Container\\BoundMethod.php(81): Illuminate\\Container\\Util::unwrapIfClosure(Object(Closure))
#17 C:\\Users\\ulisi\\Personal-Projects\\apirest\\vendor\\laravel\\framework\\src\\Illuminate\\Container\\BoundMethod.php(37): Illuminate\\Container\\BoundMethod::callBoundMethod(Object(Illuminate\\Foundation\\Application), Object(Closure), Object(Closure))
#18 C:\\Users\\ulisi\\Personal-Projects\\apirest\\vendor\\laravel\\framework\\src\\Illuminate\\Container\\Container.php(662): Illuminate\\Container\\BoundMethod::call(Object(Illuminate\\Foundation\\Application), Object(Closure), Array, NULL)
#19 C:\\Users\\ulisi\\Personal-Projects\\apirest\\vendor\\laravel\\framework\\src\\Illuminate\\Support\\ServiceProvider.php(119): Illuminate\\Container\\Container->call(Object(Closure))
#20 C:\\Users\\ulisi\\Personal-Projects\\apirest\\vendor\\laravel\\framework\\src\\Illuminate\\Foundation\\Application.php(1037): Illuminate\\Support\\ServiceProvider->callBootedCallbacks()
#21 C:\\Users\\ulisi\\Personal-Projects\\apirest\\vendor\\laravel\\framework\\src\\Illuminate\\Foundation\\Application.php(1015): Illuminate\\Foundation\\Application->bootProvider(Object(App\\Providers\\RouteServiceProvider))
#22 [internal function]: Illuminate\\Foundation\\Application->Illuminate\\Foundation\\{closure}(Object(App\\Providers\\RouteServiceProvider), 24)
#23 C:\\Users\\ulisi\\Personal-Projects\\apirest\\vendor\\laravel\\framework\\src\\Illuminate\\Foundation\\Application.php(1016): array_walk(Array, Object(Closure))
#24 C:\\Users\\ulisi\\Personal-Projects\\apirest\\vendor\\laravel\\framework\\src\\Illuminate\\Foundation\\Bootstrap\\BootProviders.php(17): Illuminate\\Foundation\\Application->boot()
#25 C:\\Users\\ulisi\\Personal-Projects\\apirest\\vendor\\laravel\\framework\\src\\Illuminate\\Foundation\\Application.php(263): Illuminate\\Foundation\\Bootstrap\\BootProviders->bootstrap(Object(Illuminate\\Foundation\\Application))
#26 C:\\Users\\ulisi\\Personal-Projects\\apirest\\vendor\\laravel\\framework\\src\\Illuminate\\Foundation\\Console\\Kernel.php(447): Illuminate\\Foundation\\Application->bootstrapWith(Array)
#27 C:\\Users\\ulisi\\Personal-Projects\\apirest\\vendor\\laravel\\framework\\src\\Illuminate\\Foundation\\Console\\Kernel.php(199): Illuminate\\Foundation\\Console\\Kernel->bootstrap()
#28 Command line code(1): Illuminate\\Foundation\\Console\\Kernel->handle(Object(Symfony\\Component\\Console\\Input\\ArgvInput), Object(Symfony\\Component\\Console\\Output\\ConsoleOutput))
#29 {main}
"} 
[2024-06-21 21:23:05] local.ERROR: Too few arguments to function Illuminate\Routing\Router::resource(), 1 passed in C:\Users\ulisi\Personal-Projects\apirest\vendor\laravel\framework\src\Illuminate\Support\Facades\Facade.php on line 355 and at least 2 expected {"exception":"[object] (ArgumentCountError(code: 0): Too few arguments to function Illuminate\\Routing\\Router::resource(), 1 passed in C:\\Users\\ulisi\\Personal-Projects\\apirest\\vendor\\laravel\\framework\\src\\Illuminate\\Support\\Facades\\Facade.php on line 355 and at least 2 expected at C:\\Users\\ulisi\\Personal-Projects\\apirest\\vendor\\laravel\\framework\\src\\Illuminate\\Routing\\Router.php:332)
[stacktrace]
#0 C:\\Users\\ulisi\\Personal-Projects\\apirest\\vendor\\laravel\\framework\\src\\Illuminate\\Support\\Facades\\Facade.php(355): Illuminate\\Routing\\Router->resource('/note')
#1 C:\\Users\\ulisi\\Personal-Projects\\apirest\\routes\\api.php(6): Illuminate\\Support\\Facades\\Facade::__callStatic('resource', Array)
#2 C:\\Users\\ulisi\\Personal-Projects\\apirest\\vendor\\laravel\\framework\\src\\Illuminate\\Routing\\RouteFileRegistrar.php(35): require('C:\\\\Users\\\\ulisi\\\\...')
#3 C:\\Users\\ulisi\\Personal-Projects\\apirest\\vendor\\laravel\\framework\\src\\Illuminate\\Routing\\Router.php(511): Illuminate\\Routing\\RouteFileRegistrar->register('C:\\\\Users\\\\ulisi\\\\...')
#4 C:\\Users\\ulisi\\Personal-Projects\\apirest\\vendor\\laravel\\framework\\src\\Illuminate\\Routing\\Router.php(465): Illuminate\\Routing\\Router->loadRoutes('C:\\\\Users\\\\ulisi\\\\...')
#5 C:\\Users\\ulisi\\Personal-Projects\\apirest\\vendor\\laravel\\framework\\src\\Illuminate\\Routing\\RouteRegistrar.php(194): Illuminate\\Routing\\Router->group(Array, 'C:\\\\Users\\\\ulisi\\\\...')
#6 C:\\Users\\ulisi\\Personal-Projects\\apirest\\app\\Providers\\RouteServiceProvider.php(34): Illuminate\\Routing\\RouteRegistrar->group('C:\\\\Users\\\\ulisi\\\\...')
#7 C:\\Users\\ulisi\\Personal-Projects\\apirest\\vendor\\laravel\\framework\\src\\Illuminate\\Container\\BoundMethod.php(36): App\\Providers\\RouteServiceProvider->App\\Providers\\{closure}()
#8 C:\\Users\\ulisi\\Personal-Projects\\apirest\\vendor\\laravel\\framework\\src\\Illuminate\\Container\\Util.php(41): Illuminate\\Container\\BoundMethod::Illuminate\\Container\\{closure}()
#9 C:\\Users\\ulisi\\Personal-Projects\\apirest\\vendor\\laravel\\framework\\src\\Illuminate\\Container\\BoundMethod.php(81): Illuminate\\Container\\Util::unwrapIfClosure(Object(Closure))
#10 C:\\Users\\ulisi\\Personal-Projects\\apirest\\vendor\\laravel\\framework\\src\\Illuminate\\Container\\BoundMethod.php(37): Illuminate\\Container\\BoundMethod::callBoundMethod(Object(Illuminate\\Foundation\\Application), Object(Closure), Object(Closure))
#11 C:\\Users\\ulisi\\Personal-Projects\\apirest\\vendor\\laravel\\framework\\src\\Illuminate\\Container\\Container.php(662): Illuminate\\Container\\BoundMethod::call(Object(Illuminate\\Foundation\\Application), Object(Closure), Array, NULL)
#12 C:\\Users\\ulisi\\Personal-Projects\\apirest\\vendor\\laravel\\framework\\src\\Illuminate\\Foundation\\Support\\Providers\\RouteServiceProvider.php(120): Illuminate\\Container\\Container->call(Object(Closure))
#13 C:\\Users\\ulisi\\Personal-Projects\\apirest\\vendor\\laravel\\framework\\src\\Illuminate\\Foundation\\Support\\Providers\\RouteServiceProvider.php(45): Illuminate\\Foundation\\Support\\Providers\\RouteServiceProvider->loadRoutes()
#14 C:\\Users\\ulisi\\Personal-Projects\\apirest\\vendor\\laravel\\framework\\src\\Illuminate\\Container\\BoundMethod.php(36): Illuminate\\Foundation\\Support\\Providers\\RouteServiceProvider->Illuminate\\Foundation\\Support\\Providers\\{closure}()
#15 C:\\Users\\ulisi\\Personal-Projects\\apirest\\vendor\\laravel\\framework\\src\\Illuminate\\Container\\Util.php(41): Illuminate\\Container\\BoundMethod::Illuminate\\Container\\{closure}()
#16 C:\\Users\\ulisi\\Personal-Projects\\apirest\\vendor\\laravel\\framework\\src\\Illuminate\\Container\\BoundMethod.php(81): Illuminate\\Container\\Util::unwrapIfClosure(Object(Closure))
#17 C:\\Users\\ulisi\\Personal-Projects\\apirest\\vendor\\laravel\\framework\\src\\Illuminate\\Container\\BoundMethod.php(37): Illuminate\\Container\\BoundMethod::callBoundMethod(Object(Illuminate\\Foundation\\Application), Object(Closure), Object(Closure))
#18 C:\\Users\\ulisi\\Personal-Projects\\apirest\\vendor\\laravel\\framework\\src\\Illuminate\\Container\\Container.php(662): Illuminate\\Container\\BoundMethod::call(Object(Illuminate\\Foundation\\Application), Object(Closure), Array, NULL)
#19 C:\\Users\\ulisi\\Personal-Projects\\apirest\\vendor\\laravel\\framework\\src\\Illuminate\\Support\\ServiceProvider.php(119): Illuminate\\Container\\Container->call(Object(Closure))
#20 C:\\Users\\ulisi\\Personal-Projects\\apirest\\vendor\\laravel\\framework\\src\\Illuminate\\Foundation\\Application.php(1037): Illuminate\\Support\\ServiceProvider->callBootedCallbacks()
#21 C:\\Users\\ulisi\\Personal-Projects\\apirest\\vendor\\laravel\\framework\\src\\Illuminate\\Foundation\\Application.php(1015): Illuminate\\Foundation\\Application->bootProvider(Object(App\\Providers\\RouteServiceProvider))
#22 [internal function]: Illuminate\\Foundation\\Application->Illuminate\\Foundation\\{closure}(Object(App\\Providers\\RouteServiceProvider), 24)
#23 C:\\Users\\ulisi\\Personal-Projects\\apirest\\vendor\\laravel\\framework\\src\\Illuminate\\Foundation\\Application.php(1016): array_walk(Array, Object(Closure))
#24 C:\\Users\\ulisi\\Personal-Projects\\apirest\\vendor\\laravel\\framework\\src\\Illuminate\\Foundation\\Bootstrap\\BootProviders.php(17): Illuminate\\Foundation\\Application->boot()
#25 C:\\Users\\ulisi\\Personal-Projects\\apirest\\vendor\\laravel\\framework\\src\\Illuminate\\Foundation\\Application.php(263): Illuminate\\Foundation\\Bootstrap\\BootProviders->bootstrap(Object(Illuminate\\Foundation\\Application))
#26 C:\\Users\\ulisi\\Personal-Projects\\apirest\\vendor\\laravel\\framework\\src\\Illuminate\\Foundation\\Console\\Kernel.php(447): Illuminate\\Foundation\\Application->bootstrapWith(Array)
#27 C:\\Users\\ulisi\\Personal-Projects\\apirest\\vendor\\laravel\\framework\\src\\Illuminate\\Foundation\\Console\\Kernel.php(199): Illuminate\\Foundation\\Console\\Kernel->bootstrap()
#28 Command line code(1): Illuminate\\Foundation\\Console\\Kernel->handle(Object(Symfony\\Component\\Console\\Input\\ArgvInput), Object(Symfony\\Component\\Console\\Output\\ConsoleOutput))
#29 {main}
"} 
[2024-06-21 21:23:21] local.ERROR: Too few arguments to function Illuminate\Routing\Router::resource(), 1 passed in C:\Users\ulisi\Personal-Projects\apirest\vendor\laravel\framework\src\Illuminate\Support\Facades\Facade.php on line 355 and at least 2 expected {"exception":"[object] (ArgumentCountError(code: 0): Too few arguments to function Illuminate\\Routing\\Router::resource(), 1 passed in C:\\Users\\ulisi\\Personal-Projects\\apirest\\vendor\\laravel\\framework\\src\\Illuminate\\Support\\Facades\\Facade.php on line 355 and at least 2 expected at C:\\Users\\ulisi\\Personal-Projects\\apirest\\vendor\\laravel\\framework\\src\\Illuminate\\Routing\\Router.php:332)
[stacktrace]
#0 C:\\Users\\ulisi\\Personal-Projects\\apirest\\vendor\\laravel\\framework\\src\\Illuminate\\Support\\Facades\\Facade.php(355): Illuminate\\Routing\\Router->resource('/note')
#1 C:\\Users\\ulisi\\Personal-Projects\\apirest\\routes\\api.php(7): Illuminate\\Support\\Facades\\Facade::__callStatic('resource', Array)
#2 C:\\Users\\ulisi\\Personal-Projects\\apirest\\vendor\\laravel\\framework\\src\\Illuminate\\Routing\\RouteFileRegistrar.php(35): require('C:\\\\Users\\\\ulisi\\\\...')
#3 C:\\Users\\ulisi\\Personal-Projects\\apirest\\vendor\\laravel\\framework\\src\\Illuminate\\Routing\\Router.php(511): Illuminate\\Routing\\RouteFileRegistrar->register('C:\\\\Users\\\\ulisi\\\\...')
#4 C:\\Users\\ulisi\\Personal-Projects\\apirest\\vendor\\laravel\\framework\\src\\Illuminate\\Routing\\Router.php(465): Illuminate\\Routing\\Router->loadRoutes('C:\\\\Users\\\\ulisi\\\\...')
#5 C:\\Users\\ulisi\\Personal-Projects\\apirest\\vendor\\laravel\\framework\\src\\Illuminate\\Routing\\RouteRegistrar.php(194): Illuminate\\Routing\\Router->group(Array, 'C:\\\\Users\\\\ulisi\\\\...')
#6 C:\\Users\\ulisi\\Personal-Projects\\apirest\\app\\Providers\\RouteServiceProvider.php(34): Illuminate\\Routing\\RouteRegistrar->group('C:\\\\Users\\\\ulisi\\\\...')
#7 C:\\Users\\ulisi\\Personal-Projects\\apirest\\vendor\\laravel\\framework\\src\\Illuminate\\Container\\BoundMethod.php(36): App\\Providers\\RouteServiceProvider->App\\Providers\\{closure}()
#8 C:\\Users\\ulisi\\Personal-Projects\\apirest\\vendor\\laravel\\framework\\src\\Illuminate\\Container\\Util.php(41): Illuminate\\Container\\BoundMethod::Illuminate\\Container\\{closure}()
#9 C:\\Users\\ulisi\\Personal-Projects\\apirest\\vendor\\laravel\\framework\\src\\Illuminate\\Container\\BoundMethod.php(81): Illuminate\\Container\\Util::unwrapIfClosure(Object(Closure))
#10 C:\\Users\\ulisi\\Personal-Projects\\apirest\\vendor\\laravel\\framework\\src\\Illuminate\\Container\\BoundMethod.php(37): Illuminate\\Container\\BoundMethod::callBoundMethod(Object(Illuminate\\Foundation\\Application), Object(Closure), Object(Closure))
#11 C:\\Users\\ulisi\\Personal-Projects\\apirest\\vendor\\laravel\\framework\\src\\Illuminate\\Container\\Container.php(662): Illuminate\\Container\\BoundMethod::call(Object(Illuminate\\Foundation\\Application), Object(Closure), Array, NULL)
#12 C:\\Users\\ulisi\\Personal-Projects\\apirest\\vendor\\laravel\\framework\\src\\Illuminate\\Foundation\\Support\\Providers\\RouteServiceProvider.php(120): Illuminate\\Container\\Container->call(Object(Closure))
#13 C:\\Users\\ulisi\\Personal-Projects\\apirest\\vendor\\laravel\\framework\\src\\Illuminate\\Foundation\\Support\\Providers\\RouteServiceProvider.php(45): Illuminate\\Foundation\\Support\\Providers\\RouteServiceProvider->loadRoutes()
#14 C:\\Users\\ulisi\\Personal-Projects\\apirest\\vendor\\laravel\\framework\\src\\Illuminate\\Container\\BoundMethod.php(36): Illuminate\\Foundation\\Support\\Providers\\RouteServiceProvider->Illuminate\\Foundation\\Support\\Providers\\{closure}()
#15 C:\\Users\\ulisi\\Personal-Projects\\apirest\\vendor\\laravel\\framework\\src\\Illuminate\\Container\\Util.php(41): Illuminate\\Container\\BoundMethod::Illuminate\\Container\\{closure}()
#16 C:\\Users\\ulisi\\Personal-Projects\\apirest\\vendor\\laravel\\framework\\src\\Illuminate\\Container\\BoundMethod.php(81): Illuminate\\Container\\Util::unwrapIfClosure(Object(Closure))
#17 C:\\Users\\ulisi\\Personal-Projects\\apirest\\vendor\\laravel\\framework\\src\\Illuminate\\Container\\BoundMethod.php(37): Illuminate\\Container\\BoundMethod::callBoundMethod(Object(Illuminate\\Foundation\\Application), Object(Closure), Object(Closure))
#18 C:\\Users\\ulisi\\Personal-Projects\\apirest\\vendor\\laravel\\framework\\src\\Illuminate\\Container\\Container.php(662): Illuminate\\Container\\BoundMethod::call(Object(Illuminate\\Foundation\\Application), Object(Closure), Array, NULL)
#19 C:\\Users\\ulisi\\Personal-Projects\\apirest\\vendor\\laravel\\framework\\src\\Illuminate\\Support\\ServiceProvider.php(119): Illuminate\\Container\\Container->call(Object(Closure))
#20 C:\\Users\\ulisi\\Personal-Projects\\apirest\\vendor\\laravel\\framework\\src\\Illuminate\\Foundation\\Application.php(1037): Illuminate\\Support\\ServiceProvider->callBootedCallbacks()
#21 C:\\Users\\ulisi\\Personal-Projects\\apirest\\vendor\\laravel\\framework\\src\\Illuminate\\Foundation\\Application.php(1015): Illuminate\\Foundation\\Application->bootProvider(Object(App\\Providers\\RouteServiceProvider))
#22 [internal function]: Illuminate\\Foundation\\Application->Illuminate\\Foundation\\{closure}(Object(App\\Providers\\RouteServiceProvider), 24)
#23 C:\\Users\\ulisi\\Personal-Projects\\apirest\\vendor\\laravel\\framework\\src\\Illuminate\\Foundation\\Application.php(1016): array_walk(Array, Object(Closure))
#24 C:\\Users\\ulisi\\Personal-Projects\\apirest\\vendor\\laravel\\framework\\src\\Illuminate\\Foundation\\Bootstrap\\BootProviders.php(17): Illuminate\\Foundation\\Application->boot()
#25 C:\\Users\\ulisi\\Personal-Projects\\apirest\\vendor\\laravel\\framework\\src\\Illuminate\\Foundation\\Application.php(263): Illuminate\\Foundation\\Bootstrap\\BootProviders->bootstrap(Object(Illuminate\\Foundation\\Application))
#26 C:\\Users\\ulisi\\Personal-Projects\\apirest\\vendor\\laravel\\framework\\src\\Illuminate\\Foundation\\Console\\Kernel.php(447): Illuminate\\Foundation\\Application->bootstrapWith(Array)
#27 C:\\Users\\ulisi\\Personal-Projects\\apirest\\vendor\\laravel\\framework\\src\\Illuminate\\Foundation\\Console\\Kernel.php(199): Illuminate\\Foundation\\Console\\Kernel->bootstrap()
#28 Command line code(1): Illuminate\\Foundation\\Console\\Kernel->handle(Object(Symfony\\Component\\Console\\Input\\ArgvInput), Object(Symfony\\Component\\Console\\Output\\ConsoleOutput))
#29 {main}
"} 
[2024-06-21 21:25:26] local.ERROR: Class "App\Htpp\Controllers\NoteController" does not exist {"exception":"[object] (ReflectionException(code: -1): Class \"App\\Htpp\\Controllers\\NoteController\" does not exist at C:\\Users\\ulisi\\Personal-Projects\\apirest\\vendor\\laravel\\framework\\src\\Illuminate\\Foundation\\Console\\RouteListCommand.php:225)
[stacktrace]
#0 C:\\Users\\ulisi\\Personal-Projects\\apirest\\vendor\\laravel\\framework\\src\\Illuminate\\Foundation\\Console\\RouteListCommand.php(225): ReflectionClass->__construct('App\\\\Htpp\\\\Contro...')
#1 C:\\Users\\ulisi\\Personal-Projects\\apirest\\vendor\\laravel\\framework\\src\\Illuminate\\Foundation\\Console\\RouteListCommand.php(147): Illuminate\\Foundation\\Console\\RouteListCommand->isVendorRoute(Object(Illuminate\\Routing\\Route))
#2 C:\\Users\\ulisi\\Personal-Projects\\apirest\\vendor\\laravel\\framework\\src\\Illuminate\\Foundation\\Console\\RouteListCommand.php(116): Illuminate\\Foundation\\Console\\RouteListCommand->getRouteInformation(Object(Illuminate\\Routing\\Route))
#3 [internal function]: Illuminate\\Foundation\\Console\\RouteListCommand->Illuminate\\Foundation\\Console\\{closure}(Object(Illuminate\\Routing\\Route), 4)
#4 C:\\Users\\ulisi\\Personal-Projects\\apirest\\vendor\\laravel\\framework\\src\\Illuminate\\Collections\\Arr.php(600): array_map(Object(Closure), Array, Array)
#5 C:\\Users\\ulisi\\Personal-Projects\\apirest\\vendor\\laravel\\framework\\src\\Illuminate\\Collections\\Collection.php(778): Illuminate\\Support\\Arr::map(Array, Object(Closure))
#6 C:\\Users\\ulisi\\Personal-Projects\\apirest\\vendor\\laravel\\framework\\src\\Illuminate\\Foundation\\Console\\RouteListCommand.php(117): Illuminate\\Support\\Collection->map(Object(Closure))
#7 C:\\Users\\ulisi\\Personal-Projects\\apirest\\vendor\\laravel\\framework\\src\\Illuminate\\Foundation\\Console\\RouteListCommand.php(101): Illuminate\\Foundation\\Console\\RouteListCommand->getRoutes()
#8 C:\\Users\\ulisi\\Personal-Projects\\apirest\\vendor\\laravel\\framework\\src\\Illuminate\\Container\\BoundMethod.php(36): Illuminate\\Foundation\\Console\\RouteListCommand->handle()
#9 C:\\Users\\ulisi\\Personal-Projects\\apirest\\vendor\\laravel\\framework\\src\\Illuminate\\Container\\Util.php(41): Illuminate\\Container\\BoundMethod::Illuminate\\Container\\{closure}()
#10 C:\\Users\\ulisi\\Personal-Projects\\apirest\\vendor\\laravel\\framework\\src\\Illuminate\\Container\\BoundMethod.php(93): Illuminate\\Container\\Util::unwrapIfClosure(Object(Closure))
#11 C:\\Users\\ulisi\\Personal-Projects\\apirest\\vendor\\laravel\\framework\\src\\Illuminate\\Container\\BoundMethod.php(37): Illuminate\\Container\\BoundMethod::callBoundMethod(Object(Illuminate\\Foundation\\Application), Array, Object(Closure))
#12 C:\\Users\\ulisi\\Personal-Projects\\apirest\\vendor\\laravel\\framework\\src\\Illuminate\\Container\\Container.php(662): Illuminate\\Container\\BoundMethod::call(Object(Illuminate\\Foundation\\Application), Array, Array, NULL)
#13 C:\\Users\\ulisi\\Personal-Projects\\apirest\\vendor\\laravel\\framework\\src\\Illuminate\\Console\\Command.php(211): Illuminate\\Container\\Container->call(Array)
#14 C:\\Users\\ulisi\\Personal-Projects\\apirest\\vendor\\symfony\\console\\Command\\Command.php(326): Illuminate\\Console\\Command->execute(Object(Symfony\\Component\\Console\\Input\\ArgvInput), Object(Illuminate\\Console\\OutputStyle))
#15 C:\\Users\\ulisi\\Personal-Projects\\apirest\\vendor\\laravel\\framework\\src\\Illuminate\\Console\\Command.php(181): Symfony\\Component\\Console\\Command\\Command->run(Object(Symfony\\Component\\Console\\Input\\ArgvInput), Object(Illuminate\\Console\\OutputStyle))
#16 C:\\Users\\ulisi\\Personal-Projects\\apirest\\vendor\\symfony\\console\\Application.php(1096): Illuminate\\Console\\Command->run(Object(Symfony\\Component\\Console\\Input\\ArgvInput), Object(Symfony\\Component\\Console\\Output\\ConsoleOutput))
#17 C:\\Users\\ulisi\\Personal-Projects\\apirest\\vendor\\symfony\\console\\Application.php(324): Symfony\\Component\\Console\\Application->doRunCommand(Object(Illuminate\\Foundation\\Console\\RouteListCommand), Object(Symfony\\Component\\Console\\Input\\ArgvInput), Object(Symfony\\Component\\Console\\Output\\ConsoleOutput))
#18 C:\\Users\\ulisi\\Personal-Projects\\apirest\\vendor\\symfony\\console\\Application.php(175): Symfony\\Component\\Console\\Application->doRun(Object(Symfony\\Component\\Console\\Input\\ArgvInput), Object(Symfony\\Component\\Console\\Output\\ConsoleOutput))
#19 C:\\Users\\ulisi\\Personal-Projects\\apirest\\vendor\\laravel\\framework\\src\\Illuminate\\Foundation\\Console\\Kernel.php(201): Symfony\\Component\\Console\\Application->run(Object(Symfony\\Component\\Console\\Input\\ArgvInput), Object(Symfony\\Component\\Console\\Output\\ConsoleOutput))
#20 C:\\Users\\ulisi\\Personal-Projects\\apirest\\artisan(37): Illuminate\\Foundation\\Console\\Kernel->handle(Object(Symfony\\Component\\Console\\Input\\ArgvInput), Object(Symfony\\Component\\Console\\Output\\ConsoleOutput))
#21 {main}
"} 
[2024-06-21 22:22:13] local.ERROR: syntax error, unexpected token "}", expecting "," or ";" {"exception":"[object] (Symfony\\Component\\ErrorHandler\\Error\\FatalError(code: 0): syntax error, unexpected token \"}\", expecting \",\" or \";\" at C:\\Users\\ulisi\\Personal-Projects\\apirest\\app\\Models\\Note.php:18)
[stacktrace]
#0 {main}
"} 
